<?xml version="1.0" encoding="UTF-8"?>
<testng-results skipped="0" failed="0" total="6" passed="6">
  <reporter-output>
  </reporter-output>
  <suite name="Suite" duration-ms="20769" started-at="2021-07-23T14:07:17Z" finished-at="2021-07-23T14:07:38Z">
    <groups>
    </groups>
    <test name="Test" duration-ms="20769" started-at="2021-07-23T14:07:17Z" finished-at="2021-07-23T14:07:38Z">
      <class name="org.bookinfo.BookInfo">
        <test-method status="PASS" signature="test1(java.lang.String, java.lang.String)[pri:0, instance:org.bookinfo.BookInfo@2038ae61]" name="test1" duration-ms="10199" started-at="2021-07-23T19:37:18Z" finished-at="2021-07-23T19:37:28Z">
          <params>
            <param index="0">
              <value>
                <![CDATA[sasikumarc]]>
              </value>
            </param>
            <param index="1">
              <value>
                <![CDATA[sqr403]]>
              </value>
            </param>
          </params>
          <reporter-output>
          </reporter-output>
        </test-method> <!-- test1 -->
        <test-method status="PASS" signature="test2(java.lang.String, java.lang.String, java.lang.String, java.lang.String)[pri:0, instance:org.bookinfo.BookInfo@2038ae61]" name="test2" duration-ms="1671" started-at="2021-07-23T19:37:28Z" finished-at="2021-07-23T19:37:29Z">
          <params>
            <param index="0">
              <value>
                <![CDATA[Sydney]]>
              </value>
            </param>
            <param index="1">
              <value>
                <![CDATA[Hotel Sunshine]]>
              </value>
            </param>
            <param index="2">
              <value>
                <![CDATA[Double]]>
              </value>
            </param>
            <param index="3">
              <value>
                <![CDATA[2 - Two]]>
              </value>
            </param>
          </params>
          <reporter-output>
          </reporter-output>
        </test-method> <!-- test2 -->
        <test-method status="PASS" signature="test3()[pri:0, instance:org.bookinfo.BookInfo@2038ae61]" name="test3" duration-ms="865" started-at="2021-07-23T19:37:29Z" finished-at="2021-07-23T19:37:30Z">
          <reporter-output>
          </reporter-output>
        </test-method> <!-- test3 -->
        <test-method status="PASS" signature="test4(java.lang.String, java.lang.String, java.lang.String, java.lang.String, java.lang.String, java.lang.String, java.lang.String, java.lang.String)[pri:0, instance:org.bookinfo.BookInfo@2038ae61]" name="test4" duration-ms="1217" started-at="2021-07-23T19:37:30Z" finished-at="2021-07-23T19:37:31Z">
          <params>
            <param index="0">
              <value>
                <![CDATA[SASIKUMAR]]>
              </value>
            </param>
            <param index="1">
              <value>
                <![CDATA[C]]>
              </value>
            </param>
            <param index="2">
              <value>
                <![CDATA[Chennai]]>
              </value>
            </param>
            <param index="3">
              <value>
                <![CDATA[7299012723654320]]>
              </value>
            </param>
            <param index="4">
              <value>
                <![CDATA[VISA]]>
              </value>
            </param>
            <param index="5">
              <value>
                <![CDATA[March]]>
              </value>
            </param>
            <param index="6">
              <value>
                <![CDATA[2022]]>
              </value>
            </param>
            <param index="7">
              <value>
                <![CDATA[234]]>
              </value>
            </param>
          </params>
          <reporter-output>
          </reporter-output>
        </test-method> <!-- test4 -->
        <test-method status="PASS" signature="test5()[pri:0, instance:org.bookinfo.BookInfo@2038ae61]" name="test5" duration-ms="6534" started-at="2021-07-23T19:37:31Z" finished-at="2021-07-23T19:37:38Z">
          <reporter-output>
          </reporter-output>
        </test-method> <!-- test5 -->
        <test-method status="PASS" signature="test6()[pri:0, instance:org.bookinfo.BookInfo@2038ae61]" name="test6" duration-ms="207" started-at="2021-07-23T19:37:38Z" finished-at="2021-07-23T19:37:38Z">
          <reporter-output>
          </reporter-output>
        </test-method> <!-- test6 -->
      </class> <!-- org.bookinfo.BookInfo -->
    </test> <!-- Test -->
  </suite> <!-- Suite -->
</testng-results>
